ERROR '/home/sp/Envs/cafesys/cafesys/../parport/parapin-1.5.1-beta1/examples/baljanparport' does not exist
INFO LCD connection established
INFO using cache
INFO loaded finder from baljan.card2user.manualdb
ERROR '/home/sp/Envs/cafesys/cafesys/../parport/parapin-1.5.1-beta1/examples/baljanparport' does not exist
INFO LCD connection established
INFO using cache
INFO loaded finder from baljan.card2user.manualdb
ERROR '/home/sp/Envs/cafesys/cafesys/../parport/parapin-1.5.1-beta1/examples/baljanparport' does not exist
INFO LCD connection established
INFO using cache
INFO loaded finder from baljan.card2user.manualdb
ERROR '/home/sp/Envs/cafesys/cafesys/../parport/parapin-1.5.1-beta1/examples/baljanparport' does not exist
INFO LCD connection established
INFO using cache
INFO loaded finder from baljan.card2user.manualdb
ERROR '/home/sp/Envs/cafesys/cafesys/../parport/parapin-1.5.1-beta1/examples/baljanparport' does not exist
INFO LCD connection established
INFO using cache
INFO loaded finder from baljan.card2user.manualdb
INFO simpa395 on lunch 2011-09-07 saved
INFO simpa395 on lunch 2011-09-08 saved
ERROR '/home/sp/Envs/cafesys/cafesys/../parport/parapin-1.5.1-beta1/examples/baljanparport' does not exist
INFO LCD connection established
INFO using cache
INFO loaded finder from baljan.card2user.manualdb
ERROR '/home/sp/Envs/cafesys/cafesys/../parport/parapin-1.5.1-beta1/examples/baljanparport' does not exist
INFO LCD connection established
INFO using cache
INFO loaded finder from baljan.card2user.manualdb
WARNING unexpected task u'btn closed'
ERROR '/home/sp/Envs/cafesys/cafesys/../parport/parapin-1.5.1-beta1/examples/baljanparport' does not exist
INFO LCD connection established
INFO using cache
INFO loaded finder from baljan.card2user.manualdb
WARNING unexpected task u'btn closed'
ERROR '/home/sp/Envs/cafesys/cafesys/../parport/parapin-1.5.1-beta1/examples/baljanparport' does not exist
INFO LCD connection established
INFO using cache
INFO loaded finder from baljan.card2user.manualdb
WARNING unexpected task u'btn closed'
WARNING unexpected task u'btn closed'
INFO HT2011: 0/0 shifts added/deleted, signups=True
INFO cleared combinations for <Semester: HT2011>
INFO HT2011: 0/0 shifts added/deleted, signups=True
INFO cleared combinations for <Semester: HT2011>
INFO created <ShiftCombination: 00: pm 2011-10-19 (HT2011)>
INFO saved pairs for <Semester: HT2011>
ERROR '/home/sp/Envs/cafesys/cafesys/../parport/parapin-1.5.1-beta1/examples/baljanparport' does not exist
INFO LCD connection established
INFO using cache
INFO loaded finder from baljan.card2user.manualdb
ERROR '/home/sp/Envs/cafesys/cafesys/../parport/parapin-1.5.1-beta1/examples/baljanparport' does not exist
INFO LCD connection established
INFO using cache
INFO loaded finder from baljan.card2user.manualdb
